{
  "timestamp": "2026-01-24T10:01:59.877Z",
  "duration": 0.035,
  "url": "https://www.zenzerobiogas.com",
  "results": [
    {
      "name": "Test Execution",
      "passed": false,
      "details": "Failed to launch the browser process:  Code: 127\n\nstderr:\n/home/teddy/.cache/puppeteer/chrome/linux-144.0.7559.96/chrome-linux64/chrome: error while loading shared libraries: libatk-1.0.so.0: cannot open shared object file: No such file or directory\n\nTROUBLESHOOTING: https://pptr.dev/troubleshooting\n"
    }
  ],
  "logs": [
    "[10:01:59] üöÄ Starting AT-02 Water Level Detection Tests",
    "[10:01:59] üåê Target: https://www.zenzerobiogas.com",
    "[10:01:59] üåê Launching headless browser...",
    "[10:01:59] üí• Error: Failed to launch the browser process:  Code: 127\n\nstderr:\n/home/teddy/.cache/puppeteer/chrome/linux-144.0.7559.96/chrome-linux64/chrome: error while loading shared libraries: libatk-1.0.so.0: cannot open shared object file: No such file or directory\n\nTROUBLESHOOTING: https://pptr.dev/troubleshooting\n",
    "[10:01:59] ‚ùå Test Execution - Failed to launch the browser process:  Code: 127\n\nstderr:\n/home/teddy/.cache/puppeteer/chrome/linux-144.0.7559.96/chrome-linux64/chrome: error while loading shared libraries: libatk-1.0.so.0: cannot open shared object file: No such file or directory\n\nTROUBLESHOOTING: https://pptr.dev/troubleshooting\n"
  ],
  "summary": {
    "total": 1,
    "passed": 0,
    "failed": 1
  }
}